#
# There is insufficient memory for the Java Runtime Environment to continue.
# Native memory allocation (malloc) failed to allocate 1048576 bytes for AllocateHeap
# Possible reasons:
#   The system is out of physical RAM or swap space
#   The process is running with CompressedOops enabled, and the Java Heap may be blocking the growth of the native heap
# Possible solutions:
#   Reduce memory load on the system
#   Increase physical memory or swap space
#   Check if swap backing store is full
#   Decrease Java heap size (-Xmx/-Xms)
#   Decrease number of Java threads
#   Decrease Java thread stack sizes (-Xss)
#   Set larger code cache with -XX:ReservedCodeCacheSize=
#   JVM is running with Unscaled Compressed Oops mode in which the Java heap is
#     placed in the first 4GB address space. The Java Heap base address is the
#     maximum limit for the native heap growth. Please use -XX:HeapBaseMinAddress
#     to set the Java Heap base and to place the Java Heap above 4GB virtual address.
# This output file may be truncated or incomplete.
#
#  Out of Memory Error (memory/allocation.inline.hpp:61), pid=8064, tid=0x0000000000000ce0
#
# JRE version:  (8.0_251-b08) (build )
# Java VM: Java HotSpot(TM) 64-Bit Server VM (25.251-b08 mixed mode windows-amd64 compressed oops)
# Failed to write core dump. Minidumps are not enabled by default on client versions of Windows
#

---------------  T H R E A D  ---------------

Current thread (0x0000000002cae800):  JavaThread "Unknown thread" [_thread_in_vm, id=3296, stack(0x0000000002b90000,0x0000000002c90000)]

Stack: [0x0000000002b90000,0x0000000002c90000]
[error occurred during error reporting (printing stack bounds), id 0xc0000005]

Native frames: (J=compiled Java code, j=interpreted, Vv=VM code, C=native code)


---------------  P R O C E S S  ---------------

Java Threads: ( => current thread )

Other Threads:

=>0x0000000002cae800 (exited) JavaThread "Unknown thread" [_thread_in_vm, id=3296, stack(0x0000000002b90000,0x0000000002c90000)]

VM state:not at safepoint (normal execution)

VM Mutex/Monitor currently owned by a thread: None

heap address: 0x0000000081c00000, size: 2020 MB, Compressed Oops mode: 32-bit
Narrow klass base: 0x0000000000000000, Narrow klass shift: 3
Compressed class space size: 1073741824 Address: 0x0000000100000000

Heap:
 PSYoungGen      total 38400K, used 665K [0x00000000d5f00000, 0x00000000d8980000, 0x0000000100000000)
  eden space 33280K, 2% used [0x00000000d5f00000,0x00000000d5fa6670,0x00000000d7f80000)
  from space 5120K, 0% used [0x00000000d8480000,0x00000000d8480000,0x00000000d8980000)
  to   space 5120K, 0% used [0x00000000d7f80000,0x00000000d7f80000,0x00000000d8480000)
 ParOldGen       total 87552K, used 0K [0x0000000081c00000, 0x0000000087180000, 0x00000000d5f00000)
  object space 87552K, 0% used [0x0000000081c00000,0x0000000081c00000,0x0000000087180000)
 Metaspace       used 754K, capacity 1092K, committed 1152K, reserved 1060864K
  class space    used 76K, capacity 384K, committed 384K, reserved 1048576K

Card table byte_map: [0x0000000012170000,0x0000000012570000] byte_map_base: 0x0000000011d62000

Marking Bits: (ParMarkBitMap*) 0x000000006311af90
 Begin Bits: [0x0000000013020000, 0x0000000014fb0000)
 End Bits:   [0x0000000014fb0000, 0x0000000016f40000)

Polling page: 0x00000000027a0000

CodeCache: size=245760Kb used=328Kb max_used=328Kb free=245431Kb
 bounds [0x0000000002db0000, 0x0000000003020000, 0x0000000011db0000]
 total_blobs=58 nmethods=0 adapters=38
 compilation: enabled

Compilation events (0 events):
No events

GC Heap History (0 events):
No events

Deoptimization events (0 events):
No events

Classes redefined (0 events):
No events

Internal exceptions (0 events):
No events

Events (10 events):
Event: 0.037 loading class java/lang/Short
Event: 0.037 loading class java/lang/Short done
Event: 0.037 loading class java/lang/Integer
Event: 0.037 loading class java/lang/Integer done
Event: 0.037 loading class java/lang/Long
Event: 0.037 loading class java/lang/Long done
Event: 0.038 loading class java/lang/NullPointerException
Event: 0.038 loading class java/lang/NullPointerException done
Event: 0.038 loading class java/lang/ArithmeticException
Event: 0.038 loading class java/lang/ArithmeticException done


Dynamic libraries:
0x00007ff6fee20000 - 0x00007ff6fee57000 	C:\Program Files\Java\jre1.8.0_251\bin\javaw.exe
0x00007ffd12e70000 - 0x00007ffd13065000 	C:\WINDOWS\SYSTEM32\ntdll.dll
0x00007ffd12c10000 - 0x00007ffd12ccd000 	C:\WINDOWS\System32\KERNEL32.DLL
0x00007ffd107e0000 - 0x00007ffd10aa9000 	C:\WINDOWS\System32\KERNELBASE.dll
0x00007ffd11290000 - 0x00007ffd1133c000 	C:\WINDOWS\System32\ADVAPI32.dll
0x00007ffd12210000 - 0x00007ffd122ae000 	C:\WINDOWS\System32\msvcrt.dll
0x00007ffd120a0000 - 0x00007ffd1213b000 	C:\WINDOWS\System32\sechost.dll
0x00007ffd116b0000 - 0x00007ffd117da000 	C:\WINDOWS\System32\RPCRT4.dll
0x00007ffd11e10000 - 0x00007ffd11fb0000 	C:\WINDOWS\System32\USER32.dll
0x00007ffd10da0000 - 0x00007ffd10dc2000 	C:\WINDOWS\System32\win32u.dll
0x00007ffd11140000 - 0x00007ffd1116a000 	C:\WINDOWS\System32\GDI32.dll
0x00007ffd106d0000 - 0x00007ffd107db000 	C:\WINDOWS\System32\gdi32full.dll
0x00007ffd10dd0000 - 0x00007ffd10e6d000 	C:\WINDOWS\System32\msvcp_win.dll
0x00007ffd10c10000 - 0x00007ffd10d10000 	C:\WINDOWS\System32\ucrtbase.dll
0x00007ffcf7ac0000 - 0x00007ffcf7d5a000 	C:\WINDOWS\WinSxS\amd64_microsoft.windows.common-controls_6595b64144ccf1df_6.0.19041.1110_none_60b5254171f9507e\COMCTL32.dll
0x00007ffd11110000 - 0x00007ffd11140000 	C:\WINDOWS\System32\IMM32.DLL
0x0000000063f10000 - 0x0000000063fe2000 	C:\Program Files\Java\jre1.8.0_251\bin\msvcr100.dll
0x00000000628f0000 - 0x000000006319b000 	C:\Program Files\Java\jre1.8.0_251\bin\server\jvm.dll
0x00007ffd12090000 - 0x00007ffd12098000 	C:\WINDOWS\System32\PSAPI.DLL
0x00007ffd09170000 - 0x00007ffd0917a000 	C:\WINDOWS\SYSTEM32\VERSION.dll
0x00007ffcfcc10000 - 0x00007ffcfcc19000 	C:\WINDOWS\SYSTEM32\WSOCK32.dll
0x00007ffd12ba0000 - 0x00007ffd12c0b000 	C:\WINDOWS\System32\WS2_32.dll
0x00007ffd00ac0000 - 0x00007ffd00ae7000 	C:\WINDOWS\SYSTEM32\WINMM.dll
0x00007ffd0b690000 - 0x00007ffd0b69f000 	C:\Program Files\Java\jre1.8.0_251\bin\verify.dll
0x00007ffcfd2e0000 - 0x00007ffcfd309000 	C:\Program Files\Java\jre1.8.0_251\bin\java.dll
0x00007ffcfe060000 - 0x00007ffcfe076000 	C:\Program Files\Java\jre1.8.0_251\bin\zip.dll

VM Arguments:
jvm_args: -Dfile.encoding=MS949 
java_command: kr.hs.study.main.Main
java_class_path (initial): C:\Users\qwer1\2021\MiMiTalk\MIMITalk\MiMiTalk\bin
Launcher Type: SUN_STANDARD

Environment Variables:
JAVA_HOME=C:\Program Files\Java\jdk1.8.0_241
CLASSPATH=%classpath%;.;.;.
USERNAME=qwer1
OS=Windows_NT
PROCESSOR_IDENTIFIER=Intel64 Family 6 Model 142 Stepping 10, GenuineIntel



---------------  S Y S T E M  ---------------

OS: Windows 10.0 , 64 bit Build 19041 (10.0.19041.1151)

CPU:total 8 (initial active 8) (4 cores per cpu, 2 threads per core) family 6 model 142 stepping 10, cmov, cx8, fxsr, mmx, sse, sse2, sse3, ssse3, sse4.1, sse4.2, popcnt, avx, avx2, aes, clmul, erms, 3dnowpref, lzcnt, ht, tsc, tscinvbit, bmi1, bmi2, adx

Memory: 4k page, physical 8268496k(1970948k free), swap 22379584k(5448k free)

vm_info: Java HotSpot(TM) 64-Bit Server VM (25.251-b08) for windows-amd64 JRE (1.8.0_251-b08), built on Mar 12 2020 06:31:49 by "" with MS VC++ 10.0 (VS2010)

time: Wed Aug 25 01:39:22 2021
timezone: 대한민국 표준시
elapsed time: 0 seconds (0d 0h 0m 0s)

